<?xml version="1.0" encoding="UTF-8"?>
<!-- Generated by org.testng.reporters.JUnitReportReporter -->
<testsuite hostname="DESKTOP-7ARKDEF" failures="0" tests="2" name="com.test.TestNgBasics" time="0.012" errors="0" timestamp="2020-12-20T21:06:24 EST" skipped="0">
  <testcase classname="com.test.TestNgBasics" name="testTwo" time="0.005"/>
  <system-out/>
  <testcase classname="com.test.TestNgBasics" name="testOne" time="0.007"/>
  <system-out/>
</testsuite> <!-- com.test.TestNgBasics -->
