<?xml version="1.0" encoding="UTF-8"?>
<!-- Generated by org.testng.reporters.JUnitReportReporter -->
<testsuite hostname="DESKTOP-7ARKDEF" failures="0" tests="1" name="com.parameters.ParameterTest" time="69.212" errors="0" timestamp="2020-11-30T18:25:59 EST" skipped="0">
  <testcase classname="com.parameters.ParameterTest" name="amazonLoginTest" time="69.212"/>
  <system-out/>
</testsuite> <!-- com.parameters.ParameterTest -->
