<?xml version="1.0" encoding="UTF-8"?>
<!-- Generated by org.testng.reporters.JUnitReportReporter -->
<testsuite hostname="DESKTOP-7ARKDEF" failures="0" tests="10" name="com.test.InvocationCountTest" time="0.067" errors="0" timestamp="2020-11-29T20:16:02 EST" skipped="0">
  <testcase classname="com.test.InvocationCountTest" name="sum" time="0.004"/>
  <system-out/>
  <testcase classname="com.test.InvocationCountTest" name="sum" time="0.006"/>
  <system-out/>
  <testcase classname="com.test.InvocationCountTest" name="sum" time="0.002"/>
  <system-out/>
  <testcase classname="com.test.InvocationCountTest" name="sum" time="0.037"/>
  <system-out/>
  <testcase classname="com.test.InvocationCountTest" name="sum" time="0.003"/>
  <system-out/>
  <testcase classname="com.test.InvocationCountTest" name="sum" time="0.002"/>
  <system-out/>
  <testcase classname="com.test.InvocationCountTest" name="sum" time="0.004"/>
  <system-out/>
  <testcase classname="com.test.InvocationCountTest" name="sum" time="0.002"/>
  <system-out/>
  <testcase classname="com.test.InvocationCountTest" name="sum" time="0.002"/>
  <system-out/>
  <testcase classname="com.test.InvocationCountTest" name="sum" time="0.005"/>
  <system-out/>
</testsuite> <!-- com.test.InvocationCountTest -->
