<?xml version="1.0" encoding="UTF-8"?>
<!-- Generated by org.testng.reporters.JUnitReportReporter -->
<testsuite hostname="DESKTOP-7ARKDEF" failures="0" tests="1" name="examples.LearnAssertions" time="3.806" errors="0" timestamp="2020-09-08T12:57:42 EDT" skipped="0">
  <testcase classname="examples.LearnAssertions" name="verifyTitle" time="3.806"/>
  <system-out/>
</testsuite> <!-- examples.LearnAssertions -->
