<?xml version="1.0" encoding="UTF-8"?>
<!-- Generated by org.testng.reporters.JUnitReportReporter -->
<testsuite hostname="DESKTOP-7ARKDEF" failures="0" tests="6" name="com.test.GoogleTest" time="89.290" errors="0" timestamp="2020-11-29T18:30:10 EST" skipped="0">
  <testcase classname="com.test.GoogleTest" name="title" time="11.805"/>
  <system-out/>
  <testcase classname="com.test.GoogleTest" name="logo" time="11.731"/>
  <system-out/>
  <testcase classname="com.test.GoogleTest" name="searchBtn" time="11.959"/>
  <system-out/>
  <testcase classname="com.test.GoogleTest" name="testFour" time="33.303"/>
  <system-out/>
  <testcase classname="com.test.GoogleTest" name="testFive" time="11.864"/>
  <system-out/>
  <testcase classname="com.test.GoogleTest" name="testSix" time="8.628"/>
  <system-out/>
</testsuite> <!-- com.test.GoogleTest -->
